<?xml version="1.0" encoding="UTF-8"?>
<!-- Generated by org.testng.reporters.JUnitReportReporter -->
<testsuite skipped="0" hostname="LAPTOP-0A7CUA1B" name="com.vmetry.testcases.Booking" tests="1" failures="0" timestamp="07 Jan 2018 12:59:21 GMT" time="9.990" errors="0">
  <testcase name="doBooking" time="9.990" classname="com.vmetry.testcases.Booking"/>
</testsuite> <!-- com.vmetry.testcases.Booking -->
